0 info it worked if it ends with ok
1 verbose cli [
1 verbose cli   'C:\\Program Files\\nodejs\\node.exe',
1 verbose cli   'C:\\Program Files\\nodejs\\node_modules\\npm\\bin\\npm-cli.js',
1 verbose cli   'run',
1 verbose cli   'deploy'
1 verbose cli ]
2 info using npm@6.14.5
3 info using node@v12.18.2
4 verbose run-script [ 'predeploy', 'deploy', 'postdeploy' ]
5 info lifecycle vue-letao@0.1.0~predeploy: vue-letao@0.1.0
6 info lifecycle vue-letao@0.1.0~deploy: vue-letao@0.1.0
7 verbose lifecycle vue-letao@0.1.0~deploy: unsafe-perm in lifecycle true
8 verbose lifecycle vue-letao@0.1.0~deploy: PATH: C:\Program Files\nodejs\node_modules\npm\node_modules\npm-lifecycle\node-gyp-bin;D:\HTML\Vue\Vue-Cli\vue-letao\node_modules\.bin;G:\Xftp\Xftp 6\;G:\Xshell\;C:\Program Files\Java\jdk1.8.0_202\bin;C:\Program Files (x86)\Common Files\Oracle\Java\javapath;C:\Windows\system32;C:\Windows;C:\Windows\System32\Wbem;C:\Windows\System32\WindowsPowerShell\v1.0\;C:\Windows\System32\OpenSSH\;C:\Program Files\Intel\WiFi\bin\;C:\Program Files\Common Files\Intel\WirelessCommon\;C:\Program Files (x86)\NVIDIA Corporation\PhysX\Common;G:\SVN\bin;G:\SVN位置\bin;G;\mysql-5.7.24-winx64\bin;C:\Program Files\NVIDIA Corporation\NVIDIA NvDLISR;C:\WINDOWS\system32;C:\WINDOWS;C:\WINDOWS\System32\Wbem;C:\WINDOWS\System32\WindowsPowerShell\v1.0\;C:\WINDOWS\System32\OpenSSH\;G:\Redis\Redis;C:\Program Files\nodejs\;G:\node.js\nodejs\node_global;G:\GIT\Git\cmd;C:\Users\Rain\AppData\Local\Microsoft\WindowsApps;G:\SSH;G:\SSH\SSH Secure Shell;C:\Program Files\Intel\WiFi\bin\;C:\Program Files\Common Files\Intel\WirelessCommon\;G:\Microsoft VS Code\bin;C:\Users\Rain\AppData\Roaming\npm
9 verbose lifecycle vue-letao@0.1.0~deploy: CWD: D:\HTML\Vue\Vue-Cli\vue-letao
10 silly lifecycle vue-letao@0.1.0~deploy: Args: [ '/d /s /c', 'npm run build && node ./deploy.js' ]
11 silly lifecycle vue-letao@0.1.0~deploy: Returned: code: 1  signal: null
12 info lifecycle vue-letao@0.1.0~deploy: Failed to exec deploy script
13 verbose stack Error: vue-letao@0.1.0 deploy: `npm run build && node ./deploy.js`
13 verbose stack Exit status 1
13 verbose stack     at EventEmitter.<anonymous> (C:\Program Files\nodejs\node_modules\npm\node_modules\npm-lifecycle\index.js:332:16)
13 verbose stack     at EventEmitter.emit (events.js:315:20)
13 verbose stack     at ChildProcess.<anonymous> (C:\Program Files\nodejs\node_modules\npm\node_modules\npm-lifecycle\lib\spawn.js:55:14)
13 verbose stack     at ChildProcess.emit (events.js:315:20)
13 verbose stack     at maybeClose (internal/child_process.js:1021:16)
13 verbose stack     at Process.ChildProcess._handle.onexit (internal/child_process.js:286:5)
14 verbose pkgid vue-letao@0.1.0
15 verbose cwd D:\HTML\Vue\Vue-Cli\vue-letao
16 verbose Windows_NT 10.0.18362
17 verbose argv "C:\\Program Files\\nodejs\\node.exe" "C:\\Program Files\\nodejs\\node_modules\\npm\\bin\\npm-cli.js" "run" "deploy"
18 verbose node v12.18.2
19 verbose npm  v6.14.5
20 error code ELIFECYCLE
21 error errno 1
22 error vue-letao@0.1.0 deploy: `npm run build && node ./deploy.js`
22 error Exit status 1
23 error Failed at the vue-letao@0.1.0 deploy script.
23 error This is probably not a problem with npm. There is likely additional logging output above.
24 verbose exit [ 1, true ]
